### ISSUE TITLE
Adding no_std compatible crates results in linking errors

### ISSUE THREAD

**Issue by banksdev** [rust-embedded/msp430-quickstart#4]
Hi,

I am using this repository for an embedded msp430 project in rust.

I need to carry out hashing related tasks (i.e. hmac) on my device, but I am unable to add `no_std` compatible crates to the project without various linker errors.

To examplify, if the `hmac-sha256` package is added to the Cargo.toml file as so:
```
hmac-sha256 = { version = "0.1.6", default-features = false }
``` 
And some basic test code is added to `examples/blinky.rs`:
```
use hmac_sha256::HMAC;

#[entry]
fn main() -> ! {
    let h = HMAC::mac(&[], &[0u8; 32]);
    assert_eq!(
        &h[..],
        &[
            182, 19, 103, 154, 8, 20, 217, 236, 119, 47, 149, 215, 120, 195, 95, 197, 255, 22, 151,
            196, 147, 113, 86, 83, 198, 199, 18, 20, 66, 146, 197, 173
        ]
    );

    let p = msp430g2553::Peripherals::take().unwrap();
    ...
```
I am stuck with the following error:
```
error: linking with `msp430-elf-gcc` failed: exit code: 1
  |
  = note: "msp430-elf-gcc" "-L" "/root/.rustup/toolchains/nightly-x86_64-unknown-linux-gnu/lib/rustlib/msp430-none-elf/lib" "/home/app/mnt/target/msp430-none-elf/release/examples/blinky-fbda7995341a170c.blinky.550euofa-cgu.0.rcgu.o" "-o" "/home/app/mnt/target/msp430-none-elf/release/examples/blinky-fbda7995341a170c" "-Wl,--gc-sections" "-nodefaultlibs" "-L" "/home/app/mnt/target/msp430-none-elf/release/deps" "-L" "/home/app/mnt/target/release/deps" "-L" "/home/app/mnt/target/msp430-none-elf/release/build/msp430-rt-49e624ff0c43f338/out" "-L" "/home/app/mnt/target/msp430-none-elf/release/build/msp430g2553-6cc988a210769a5f/out" "-L" "/root/.rustup/toolchains/nightly-x86_64-unknown-linux-gnu/lib/rustlib/msp430-none-elf/lib" "-Wl,-Bstatic" "/tmp/rustcD3GZay/libmsp430_rt-4643eae868ee74e7.rlib" "-Wl,--start-group" "-Wl,--end-group" "/home/app/mnt/target/msp430-none-elf/release/deps/libcompiler_builtins-ab61f70e00e662f0.rlib" "-Tlink.x" "-nostartfiles" "-mcpu=msp430" "-lmul_none" "-lgcc" "-Wl,-Bdynamic"
  = note: /root/ti/msp430-gcc/bin/../lib/gcc/msp430-elf/9.2.0/../../../../msp430-elf/bin/ld: address 0x1047e of /home/app/mnt/target/msp430-none-elf/release/examples/blinky-fbda7995341a170c section `.text' is not within region `ROM'
          /root/ti/msp430-gcc/bin/../lib/gcc/msp430-elf/9.2.0/../../../../msp430-elf/bin/ld: /home/app/mnt/target/msp430-none-elf/release/examples/blinky-fbda7995341a170c section `.rodata' will not fit in region `ROM'
          /root/ti/msp430-gcc/bin/../lib/gcc/msp430-elf/9.2.0/../../../../msp430-elf/bin/ld: address 0x1047e of /home/app/mnt/target/msp430-none-elf/release/examples/blinky-fbda7995341a170c section `.text' is not within region `ROM'
          /root/ti/msp430-gcc/bin/../lib/gcc/msp430-elf/9.2.0/../../../../msp430-elf/bin/ld: section .text VMA wraps around address space
          /root/ti/msp430-gcc/bin/../lib/gcc/msp430-elf/9.2.0/../../../../msp430-elf/bin/ld: section .vector_table LMA [000000000000ffe0,000000000000ffff] overlaps section .text LMA [000000000000c000,000000000001047d]
          /root/ti/msp430-gcc/bin/../lib/gcc/msp430-elf/9.2.0/../../../../msp430-elf/bin/ld: region `ROM' overflowed by 1580 bytes
          collect2: error: ld returned 1 exit status
```
I have tried with a ton of different libraries, which produces the same error.

It would be awesome to have a rough description of how to expand the project beyond blinking lights! 😃

**Comment by cr1901** [comment]
I see you're compiling in `release` mode. And if you're already doing that, then maximum optimizations are already enabled.

There are a lot of `no_std` libraries which are Just Too Big for msp430, even if all optimizations are enabled. I assume you're running into this with the libraries you've tried.

Another potential issue is that: even when the code is dead, Rust will bring in a bunch of formatting code as part of calling `panic!`. This can also make code that otherwise fits fail to fit (you're only 1.5kB of ROM over the limit).

That being said, I'm curious of a list of crates and full examples (perhaps as zip files) that fail.

**Comment by banksdev** [comment]
You can check out our repository [here](https://github.com/banksdev/rawr/tree/feature/hacl-bindings/msp430_prover).
Make sure to go to the `msp430_prover` folder checkout to branch `feature/hacl-bindings`. 

You can clone it and run the Dockerfile to replicate our environment. Running `--examples` to compile blinky.rs will work, but compiling main won't work as it has the hmac code example included. I have also zipped the entire folder and attached as well, if that is easier.

We have tried to compile the HACL* c files (with build.rs and the `cc` crate) we need in hopes of reducing size as well.
However, the result of this is that we find ourselves in an infinite loop when we debug through Code Composer Studio. It does compile though, but it doesn't work. We experience the same thing if we use the `sha2` crate from Rust Crypto. It compiles, but it gets stuck in an infinite loop when debugging it in Code Composer Studio.

[msp430_prover.zip](https://github.com/rust-embedded/msp430-quickstart/files/6167014/msp430_prover.zip)

**Comment by cr1901** [comment]
>but it gets stuck in an infinite loop when debugging it in Code Composer Studio.

AFAIK, debugging is unsupported period atm. Well, I can do assembly-level debugging from `gdb`, but that's about it. I'll take a look at your example.

**Comment by banksdev** [comment]
We are doing assembly-level debugging via Code Composer Studio as well. I imagine it is just a GUI layer on top of `gdb` though.

I realize I must have been staring at my screen for too long as I sent my examples yesterday, as there was a lot of test code for other stuff in there still, sorry...

I have fixed it now. `examples/blink.rs` will correctly flash to the MSP and the lights will blink. `examples/blink-hacl.rs` uses the `cc` compiled HACL* library and will correctly flash to the device, but get stuck in an infinite loop so the lights never start flashing. 

From the docker container you can try to compile `src/main.rs`, but it will produce aforementioned linker errors.  
We compile it using `cargo build -Zbuild-std=core --release`
[msp430_prover.zip](https://github.com/rust-embedded/msp430-quickstart/files/6169516/msp430_prover.zip)

**Comment by cr1901** [comment]
Re your initial issue using a pure Rust crate, I got the crate to fit with the following change on a local copy:

```diff
diff --git a/src/lib.rs b/src/lib.rs
index e0fe7ea..009a935 100644
--- a/src/lib.rs
+++ b/src/lib.rs
@@ -70,7 +70,7 @@ impl W {
         x.rotate_right(17) ^ x.rotate_right(19) ^ (x >> 10)
     }

-    #[inline(always)]
+    #[inline(never)]
     fn M(&mut self, a: usize, b: usize, c: usize, d: usize) {
         let w = &mut self.0;
         w[a] = w[a]
```

This single change leaves you with ~4kB to spare. Perhaps it should be a disabled-by-default crate feature for `hmac-sha256`?

```sh
msp430-elf-size ../msptest/msp430g2553-quickstart/target/msp430-none-elf/release/examples/blinky-cc4ef35dcd3318e5
   text    data     bss     dec     hex filename
  12628       0       2   12630    3156 ../msptest/msp430g2553-quickstart/target/msp430-none-elf/release/examples/blinky-cc4ef35dcd3318e5
```

**Comment by cr1901** [comment]
_All of the stuff below I did for fun. I'd never expect/ask someone just looking to get started w/ msp430 Rust to go and do this stuff:_

The Rust crate also crashes, but I have a decent idea why... the call to `HMAC::mac` requires a large amount of space (`0xe058 is `hmac_sha256::Hash::new()`), approx. 460 bytes for locals:

```
0000c040 <main>:
    c040:	0a 12       	push	r10		;
    c042:	09 12       	push	r9		;
    c044:	08 12       	push	r8		;
    c046:	31 80 cc 01 	sub	#460,	r1	;#0x01cc
    c04a:	0c 41       	mov	r1,	r12	;
    c04c:	b0 12 58 e0 	call	#-8104		;#0xe058
```

If you look at the the body of `HMAC::new()`, `Hash`, and `State`:

```
struct State([u32; 8]);
```

```
#[derive(Copy, Clone)]
pub struct Hash {
    state: State,
    w: [u8; 64],
    r: usize,
    len: usize,
}
```

A single `Hash` takes about 4*8 + 64 + 2 + 2 = 100 bytes. The call to create a `State` requires 4*8 extra bytes temporarily. In addition, the `finalize` call uses 128 bytes.

```
impl HMAC {
    /// Compute HMAC-SHA256(`input`, `k`)
    pub fn mac(input: &[u8], k: &[u8]) -> [u8; 32] {
        let mut hk = [0u8; 32];
        let k2 = if k.len() > 64 {
            hk.copy_from_slice(&Hash::hash(k));
            &hk
        } else {
            k
        };
        let mut ih = Hash::new();
        let mut padded = [0x36; 64];
        for (p, &k) in padded.iter_mut().zip(k2.iter()) {
            *p ^= k;
        }
        ih.update(&padded[..]);
        ih.update(input);

        let mut oh = Hash::new();
        let mut padded = [0x5c; 64];
        for (p, &k) in padded.iter_mut().zip(k2.iter()) {
            *p ^= k;
        }
        oh.update(&padded[..]);
        oh.update(&ih.finalize());
        oh.finalize()
    }
}
```

32 (hk) + 64 (padded) + 64 (padded) + 100 (ih) + 100 (oh) + 128 = 488 bytes being used in `HMAC::mac`. Okay, thanks to inlining and stuff, some of that can be removed, so I'm off a bit.

Anyways, through carefully-placed breakpoints:

```
Breakpoint 21, 0x0000c294 in hmac_sha256::State::blocks ()
(gdb) info r
pc             0xc294   0xc294 <hmac_sha256::State::blocks+10>
sp             0x212    530
sr             0x3      3
cg             0x0      0
r4             0x4134   16692
r5             0x40     64
r6             0x40     64
r7             0x250    592
r8             0x40     64
r9             0x290    656
r10            0x22c    556
r11            0x36     54
r12            0x22c    556
r13            0x250    592
r14            0x40     64
r15            0x290    656
(gdb) lpc
   0xc28a <hmac_sha256::State::blocks>: push    r10             ;

   0xc28c <hmac_sha256::State::blocks+2>:       push    r9              ;
   0xc28e <hmac_sha256::State::blocks+4>:       push    r8              ;
   0xc290 <hmac_sha256::State::blocks+6>:       push    r7              ;
   0xc292 <hmac_sha256::State::blocks+8>:       push    r6              ;
=> 0xc294 <hmac_sha256::State::blocks+10>:      sub     #160,   r1      ;#0x00a0
   0xc298 <hmac_sha256::State::blocks+14>:      mov     r14,    r10     ;
   0xc29a <hmac_sha256::State::blocks+16>:      mov     r13,    r9      ;
   0xc29c <hmac_sha256::State::blocks+18>:      mov     r12,    r8      ;
   0xc29e <hmac_sha256::State::blocks+20>:      mov     r1,     r12     ;
(gdb) ni
0x0000c298 in hmac_sha256::State::blocks ()
(gdb) info r
pc             0xc298   0xc298 <hmac_sha256::State::blocks+14>
sp             0x172    370
sr             0x1      1
cg             0x0      0
r4             0x4134   16692
r5             0x40     64
r6             0x40     64
r7             0x250    592
r8             0x40     64
r9             0x290    656
r10            0x22c    556
r11            0x36     54
r12            0x22c    556
r13            0x250    592
r14            0x40     64
r15            0x290    656
```

The stack is now pointing to garbage, at which point after this (I didn't check) the CPU goes into the weeds. There's ways I imagine to trim down `HMAC::new()` for deeply embedded environments. I imagine this is what's going on w/ your C library as well. But I'd have to think about this...

**Comment by banksdev** [comment]
Hi William,

First of all, thank you very much for diving so deep into this issue and providing so much insight!

Do you think our issues would be "solved" by moving to a more powerful board, e.g. a msp430fr2355 with 4kb RAM instead of the 512 bytes on the msp430g2553?

**Comment by cr1901** [comment]
>First of all, thank you very much for diving so deep into this issue and providing so much insight!

I appreciate that! I want more ppl to try Rust w/ MSP430 so I'm willing to look into issues when I have time.

>Do you think our issues would be "solved" by moving to a more powerful board, e.g. a msp430fr2355 with 4kb RAM instead of the 512 bytes on the msp430g2553?

Yes, I think so. But you'd need to create a Peripheral Access Crate for `msp430fr2355` using [`msp430_svd`](https://github.com/pftbest/msp430_svd). The process of doing this... isn't great and requires some work because (making a long story short): Rust embedded agreed to use SVD as the format to specify microcontroller registers, and lots of vendor SVDs... aren't great. Vendors don't do a great job w/ specifying their microcontrollers outside of C headers and manuals (_if_ that). 

TI doesn't use SVD for MSP430, but the format is vendor neutral. So we convert from TI's format to SVD. Of course, the conversion isn't 100% accurate, so we need a [patching tool](https://github.com/stm32-rs/svdtools) to fill in the gaps. I got tired of creating patching files last year so I took a _long_ break from doing them. In fact, I don't remember the patch YAML format 100%. If you create a PAC for `msp430fr2355`, and create patches for `msp430_svd`, I will accept them. If you get stuck, I will help you. But I'd like to see if the README can help you get started quicker than I can.

**Comment by banksdev** [comment]
That sounds very reassuring, we have ordered a bunch of `msp430fr2355` boards that we hope will work!

I believe there already exists a PAC for [`msp430fr2355`](https://crates.io/crates/msp430fr2355)?

I have pushed a branch [`feature/msp430fr`](https://github.com/banksdev/rawr/tree/feature/msp430fr/msp430_prover) to our repository. The `Dockerfile` that successfully compiles binaries for three examples: `blinky`, `echo`, and `gpio_interrupts`. We are hopeful that they will flash correctly! 😊 The boards won't arrive until later this week, so we'll hold our breath until then.

Again, thank you so much for all this help. We were getting kinda desperate after banging our heads against the wall for three weeks without any real progress 😅 this has very much boosted our morale and excitement for our project. Embedded systems programming is new to all of us, so we're taking all the help we can get 🙏🏽

**Comment by cr1901** [comment]
>I believe there already exists a PAC for msp430fr2355?

Oops. @YuhanLiin does a good job maintaining their crates, so I'm sure it it's fine.

I will also try on my `msp430f5529` dev board tonight (10kB RAM) and see what happens.

**Comment by YuhanLiin** [comment]
Didn't actually think those crates would see the light of day.

I haven't touch MSP430 in a while but if you have any questions regarding the PAC or HAL crates I can look into them.

**Comment by cr1901** [comment]
The application still has the same crash, even on my 10kB RAM dev board. Hrm... maybe I didn't find the actual issue after all. Will keep looking...

**Comment by cr1901** [comment]
Found it... you will need to reorder your code, like this:

```rust
    let p = msp430f5529::Peripherals::take().unwrap();

    // Disable watchdog
    let wd = p.WATCHDOG_TIMER;
    wd.wdtctl.write(|w| {
        unsafe { w.bits(0x5A00) } // password
        .wdthold().set_bit()
    });

    let h = HMAC::mac(&[], &[0u8; 32]);
    assert_eq!(
        &h[..],
        &[
            182, 19, 103, 154, 8, 20, 217, 236, 119, 47, 149, 215, 120, 195, 95, 197, 255, 22, 151,
            196, 147, 113, 86, 83, 198, 199, 18, 20, 66, 146, 197, 173
        ]
    );
```

The HMAC code works fine on my `msp430f5529` dev board, but calculating the HMAC takes long enough that it causes the watchdog to kick in. But I _did_ get it to work. I assume the same issue will happen in your example code as well without reordering.

**Comment by BBPL** [comment]
Hi both, 

We have just received the MSP430FR2355 and tested on them, it seems to solve our problem. The crate and our HACL C-bindings seem to work correctly
``` rust
if let Some(periph) = msp430fr2355::Peripherals::take(){
        let _wdt = Wdt::constrain(periph.WDT_A);

        let h = HMAC::mac(&[], &[0u8; 32]);
        assert_eq!(
            &h[..],
            &[
                182, 19, 103, 154, 8, 20, 217, 236, 119, 47, 149, 215, 120, 195, 95, 197, 255, 22, 151,
                196, 147, 113, 86, 83, 198, 199, 18, 20, 66, 146, 197, 173
                ]
            );

       loop();
}else {
        loop();
}
```

And with bindings:


``` rust
if let Some(periph) = msp430fr2355::Peripherals::take(){
        let _wdt = Wdt::constrain(periph.WDT_A);

        const KEY: &[u8] = b"key";
        const INPUT: &[u8] = b"The quick brown fox jumps over the lazy dog";
        const OUTPUT: [u8; 32] = [0xf7, 0xbc, 0x83, 0xf4, 0x30, 0x53, 0x84, 0x24, 0xb1, 0x32, 0x98, 0xe6, 0xaa, 0x6f, 0xb1, 0x43, 0xef, 0x4d, 0x59, 0xa1, 0x49, 0x46, 0x17, 0x59, 0x97, 0x47, 0x9d, 0xbc, 0x2d, 0x1a, 0x3c, 0xd8];
        
        let mut output = [0; 32];
        bindings::hmac_sha256(&mut output, KEY, INPUT);
        assert_eq!(output, OUTPUT);
        loop();
}else {
        loop();
}
```

@cr1901 Thank you so much for all the help and identifying the main issue! I guess the 0.5kB of RAM was just a bit too limiting in terms of what is possible to do on the device.

**Comment by cr1901** [comment]
Is it safe to close this issue?

**Comment by banksdev** [comment]
Yes, it is! 

Yesterday we successfully made a remote attestation of some memory on the `msp430fr2355`.

Thank you so much for all the help you have provided!
